<?xml version="1.0" encoding="UTF-8"?><rdfgears>
  <metadata>
    <id>test-msg-dial</id>
    <name>Test message dialog</name>
    <description>Testing message dialog</description>
    <category/>
    <password/>
  </metadata>
  <workflow>
    <workflowInputList x="300" y="100"/>
    <network x="800" y="500"/>
  </workflow>
</rdfgears>
