<?xml version="1.0" encoding="UTF-8"?>
<rdfgears>
  <metadata>
    <id>test-wide-wf</id>
    <name>large Workflow</name>
    <description/>
    <category>ManyNodes</category>
    <password/>
  </metadata>
  <workflow>
    <workflowInputList x="300" y="100">
      <workflowInputPort name="input0">
        <type>
          <bag>
            <var name="a48"/>
          </bag>
        </type>
      </workflowInputPort>
      <workflowInputPort name="input1">
        <type>
          <bag>
            <var name="a47"/>
          </bag>
        </type>
      </workflowInputPort>
      <workflowInputPort name="input2">
        <type>
          <bag>
            <var name="a50"/>
          </bag>
        </type>
      </workflowInputPort>
      <workflowInputPort name="input3">
        <type>
          <bag>
            <var name="a49"/>
          </bag>
        </type>
      </workflowInputPort>
      <workflowInputPort name="input5">
        <type>
          <bag>
            <var name="a74"/>
          </bag>
        </type>
      </workflowInputPort>
    </workflowInputList>
    <network output="node_31" x="1426" y="601">
      <output-type>
        <bag>
          <var name="a50"/>
        </bag>
      </output-type>
      <processor id="node_27" x="601" y="131">
        <function type="bagUnion">
          <config param="test"/>
        </function>
        <inputPort name="bag1" iterate="false">
          <source workflowInputPort="input1"/>
        </inputPort>
        <inputPort name="bag2" iterate="false">
          <source workflowInputPort="input0"/>
        </inputPort>
      </processor>
      <processor id="node_28" x="604" y="213">
        <function type="bagUnion">
          <config param="test"/>
        </function>
        <inputPort name="bag1" iterate="false">
          <source workflowInputPort="input3"/>
        </inputPort>
        <inputPort name="bag2" iterate="false">
          <source workflowInputPort="input2"/>
        </inputPort>
      </processor>
      <processor id="node_29" x="603" y="297">
        <function type="bagUnion">
          <config param="test"/>
        </function>
        <inputPort name="bag1" iterate="false">
          <source workflowInputPort="input5"/>
        </inputPort>
        <inputPort name="bag2" iterate="false">
          <source workflowInputPort="input4"/>
        </inputPort>
      </processor>
      <processor id="node_30" x="877" y="223">
        <function type="bagUnion">
          <config param="test"/>
        </function>
        <inputPort name="bag1" iterate="false">
          <source processor="node_27"/>
        </inputPort>
        <inputPort name="bag2" iterate="false">
          <source processor="node_28"/>
        </inputPort>
      </processor>
      <processor id="node_31" x="1068" y="386">
        <function type="bagUnion">
          <config param="test"/>
        </function>
        <inputPort name="bag1" iterate="false">
          <source processor="node_29"/>
        </inputPort>
        <inputPort name="bag2" iterate="false">
          <source processor="node_30"/>
        </inputPort>
      </processor>
    </network>
  </workflow>
</rdfgears>
